<?xml version="1.0" encoding="UTF-8"?>
<!-- Generated by org.testng.reporters.JUnitReportReporter -->
<testsuite hostname="DESKTOP-AHV2886" failures="0" tests="2" name="script.InvalidLogin" time="75.997" errors="0" timestamp="2022-11-03T20:36:44 IST" skipped="0">
  <testcase classname="script.InvalidLogin" name="testInvlaidlogin" time="42.664"/>
  <system-out>
    <![CDATA[Error message is displayed
Error message is displayed
Error message is displayed
Error message is displayed]]>
  </system-out>
  <testcase classname="script.InvalidLogin" name="testInvlaidlogin" time="33.333"/>
  <system-out>
    <![CDATA[Error message is displayed
Error message is displayed
Error message is displayed
Error message is displayed]]>
  </system-out>
</testsuite> <!-- script.InvalidLogin -->
