<?xml version="1.0" encoding="UTF-8"?>
<!-- Generated by org.testng.reporters.JUnitReportReporter -->
<testsuite hostname="DESKTOP-AHV2886" failures="0" tests="2" name="script.ValidLogin" time="104.587" errors="0" timestamp="2022-11-03T20:36:45 IST" skipped="0">
  <testcase classname="script.ValidLogin" name="testValidLogin" time="52.096"/>
  <system-out>
    <![CDATA[Home page loaded]]>
  </system-out>
  <testcase classname="script.ValidLogin" name="testValidLogin" time="52.491"/>
  <system-out>
    <![CDATA[Home page loaded]]>
  </system-out>
</testsuite> <!-- script.ValidLogin -->
